[0m[[0m[0mdebug[0m] [0m[0m> Exec(evicted, None, None)[0m
[0m[[0m[0mdebug[0m] [0m[0mEvaluating tasks: evicted[0m
[0m[[0m[0mdebug[0m] [0m[0mRunning task... Cancel: Signal, check cycles: false, forcegc: true[0m
[0m[[0m[33mwarn[0m] [0m[0mFound version conflict(s) in library dependencies; some are suspected to be binary incompatible:[0m
[0m[[0m[33mwarn[0m] [0m[0m	* com.google.guava:guava:16.0.1 is selected over {11.0.2, 11.0.2, 11.0.2, 11.0.2, 11.0.2, 11.0.2, 11.0.2, 11.0.2, 11.0.2, 11.0.2, 11.0.2, 11.0.2, 11.0.2, 11.0.2, 11.0.2, 11.0.2, 11.0.2, 11.0.2, 11.0.2, 11.0.2}[0m
[0m[[0m[33mwarn[0m] [0m[0m	    +- com.google.inject:guice:4.0                        (depends on 16.0.1)[0m
[0m[[0m[33mwarn[0m] [0m[0m	    +- org.apache.curator:curator-client:2.13.0           (depends on 16.0.1)[0m
[0m[[0m[33mwarn[0m] [0m[0m	    +- org.apache.hadoop:hadoop-yarn-common:3.2.0         (depends on 11.0.2)[0m
[0m[[0m[33mwarn[0m] [0m[0m	    +- org.apache.hadoop:hadoop-yarn-client:3.2.0         (depends on 11.0.2)[0m
[0m[[0m[33mwarn[0m] [0m[0m	    +- org.apache.hadoop:hadoop-yarn-api:3.2.0            (depends on 11.0.2)[0m
[0m[[0m[33mwarn[0m] [0m[0m	    +- org.apache.hadoop:hadoop-common:3.2.0              (depends on 11.0.2)[0m
[0m[[0m[33mwarn[0m] [0m[0m	    +- org.apache.hadoop:hadoop-auth:3.2.0                (depends on 11.0.2)[0m
[0m[[0m[33mwarn[0m] [0m[0m	* com.nimbusds:nimbus-jose-jwt:4.41.1 is selected over {3.10, 3.10, 3.10, 3.10, 3.10, 3.10}[0m
[0m[[0m[33mwarn[0m] [0m[0m	    +- org.apache.hadoop:hadoop-auth:3.2.0                (depends on 4.41.1)[0m
[0m[[0m[33mwarn[0m] [0m[0m	    +- org.apache.kerby:token-provider:1.0.1              (depends on 3.10)[0m
[0m[[0m[33mwarn[0m] [0m[0m	* net.minidev:json-smart:2.3 is selected over {[1.3.1,2.3], [1.3.1,2.3], [1.3.1,2.3]}[0m
[0m[[0m[33mwarn[0m] [0m[0m	    +- org.apache.hadoop:hadoop-auth:3.2.0                (depends on 2.3)[0m
[0m[[0m[33mwarn[0m] [0m[0m	    +- com.nimbusds:nimbus-jose-jwt:4.41.1                (depends on [1.3.1,2.3])[0m
[0m[[0m[0minfo[0m] [0m[0mHere are other dependency conflicts that were resolved:[0m
[0m[[0m[0minfo[0m] [0m[0m	* org.apache.curator:curator-recipes:2.13.0 is selected over {2.12.0, 2.12.0}[0m
[0m[[0m[0minfo[0m] [0m[0m	    +- org.apache.spark:spark-core_2.12:3.1.1             (depends on 2.13.0)[0m
[0m[[0m[0minfo[0m] [0m[0m	    +- org.apache.hadoop:hadoop-common:3.2.0              (depends on 2.12.0)[0m
[0m[[0m[0minfo[0m] [0m[0m	* com.google.code.findbugs:jsr305:3.0.2 is selected over {3.0.0, 3.0.0, 3.0.0, 3.0.0, 3.0.0, 3.0.0, 3.0.0, 3.0.0, 3.0.0, 3.0.0, 3.0.0, 3.0.0, 3.0.0, 3.0.0, 3.0.0, 3.0.0}[0m
[0m[[0m[0minfo[0m] [0m[0m	    +- com.github.spotbugs:spotbugs-annotations:3.1.9     (depends on 3.0.2)[0m
[0m[[0m[0minfo[0m] [0m[0m	    +- org.apache.arrow:arrow-memory-core:2.0.0           (depends on 3.0.2)[0m
[0m[[0m[0minfo[0m] [0m[0m	    +- org.apache.spark:spark-unsafe_2.12:3.1.1           (depends on 3.0.0)[0m
[0m[[0m[0minfo[0m] [0m[0m	    +- org.apache.spark:spark-network-common_2.12:3.1.1   (depends on 3.0.0)[0m
[0m[[0m[0minfo[0m] [0m[0m	    +- org.apache.spark:spark-core_2.12:3.1.1             (depends on 3.0.0)[0m
[0m[[0m[0minfo[0m] [0m[0m	    +- org.apache.hadoop:hadoop-common:3.2.0              (depends on 3.0.0)[0m
[0m[[0m[0minfo[0m] [0m[0m	* org.antlr:antlr4-runtime:4.8-1 is selected over {4.7, 4.7}[0m
[0m[[0m[0minfo[0m] [0m[0m	    +- org.apache.spark:spark-catalyst_2.12:3.1.1         (depends on 4.8-1)[0m
[0m[[0m[0minfo[0m] [0m[0m	    +- org.antlr:antlr4:4.7                               (depends on 4.7)[0m
[0m[[0m[0minfo[0m] [0m[0m	    +- io.delta:delta-core_2.12:0.8.0                     (depends on 4.7)[0m
[0m[[0m[0minfo[0m] [0m[0m	* org.apache.commons:commons-compress:1.8.1 is selected over {1.4.1, 1.4.1}[0m
[0m[[0m[0minfo[0m] [0m[0m	    +- org.apache.avro:avro:1.8.2                         (depends on 1.8.1)[0m
[0m[[0m[0minfo[0m] [0m[0m	    +- org.apache.hadoop:hadoop-yarn-common:3.2.0         (depends on 1.4.1)[0m
[0m[[0m[0minfo[0m] [0m[0m	    +- org.apache.hadoop:hadoop-common:3.2.0              (depends on 1.4.1)[0m
[0m[[0m[0minfo[0m] [0m[0m	* com.fasterxml.jackson.core:jackson-annotations:2.10.0 is selected over {2.9.0, 2.9.5, 2.9.5}[0m
[0m[[0m[0minfo[0m] [0m[0m	    +- org.apache.spark:spark-network-common_2.12:3.1.1   (depends on 2.10.0)[0m
[0m[[0m[0minfo[0m] [0m[0m	    +- org.apache.spark:spark-kvstore_2.12:3.1.1          (depends on 2.10.0)[0m
[0m[[0m[0minfo[0m] [0m[0m	    +- com.fasterxml.jackson.module:jackson-module-scala_2.12:2.10.0 (depends on 2.10.0)[0m
[0m[[0m[0minfo[0m] [0m[0m	    +- com.fasterxml.jackson.core:jackson-databind:2.10.0 (depends on 2.10.0)[0m
[0m[[0m[0minfo[0m] [0m[0m	    +- org.apache.hadoop:hadoop-yarn-api:3.2.0            (depends on 2.9.5)[0m
[0m[[0m[0minfo[0m] [0m[0m	    +- org.apache.hadoop:hadoop-hdfs-client:3.2.0         (depends on 2.9.5)[0m
[0m[[0m[0minfo[0m] [0m[0m	    +- com.fasterxml.jackson.module:jackson-module-jaxb-annotations:2.9.5 (depends on 2.9.0)[0m
[0m[[0m[0minfo[0m] [0m[0m	* commons-net:commons-net:3.6 is selected over {3.1, 3.1}[0m
[0m[[0m[0minfo[0m] [0m[0m	    +- org.apache.hadoop:hadoop-common:3.2.0              (depends on 3.6)[0m
[0m[[0m[0minfo[0m] [0m[0m	    +- org.apache.spark:spark-core_2.12:3.1.1             (depends on 3.1)[0m
[0m[[0m[0minfo[0m] [0m[0m	* org.slf4j:slf4j-log4j12:1.7.30 is selected over {1.7.25, 1.7.25}[0m
[0m[[0m[0minfo[0m] [0m[0m	    +- org.apache.spark:spark-core_2.12:3.1.1             (depends on 1.7.30)[0m
[0m[[0m[0minfo[0m] [0m[0m	    +- org.apache.zookeeper:zookeeper:3.4.14              (depends on 1.7.25)[0m
[0m[[0m[0minfo[0m] [0m[0m	* com.fasterxml.jackson.core:jackson-core:2.10.0 is selected over {2.9.5, 2.9.5, 2.9.5}[0m
[0m[[0m[0minfo[0m] [0m[0m	    +- org.apache.spark:spark-kvstore_2.12:3.1.1          (depends on 2.10.0)[0m
[0m[[0m[0minfo[0m] [0m[0m	    +- com.fasterxml.jackson.module:jackson-module-scala_2.12:2.10.0 (depends on 2.10.0)[0m
[0m[[0m[0minfo[0m] [0m[0m	    +- com.fasterxml.jackson.core:jackson-databind:2.10.0 (depends on 2.10.0)[0m
[0m[[0m[0minfo[0m] [0m[0m	    +- org.apache.hadoop:hadoop-yarn-common:3.2.0         (depends on 2.9.5)[0m
[0m[[0m[0minfo[0m] [0m[0m	    +- com.fasterxml.jackson.module:jackson-module-jaxb-annotations:2.9.5 (depends on 2.9.5)[0m
[0m[[0m[0minfo[0m] [0m[0m	    +- com.fasterxml.jackson.jaxrs:jackson-jaxrs-base:2.9.5 (depends on 2.9.5)[0m
[0m[[0m[0minfo[0m] [0m[0m	* org.apache.commons:commons-lang3:3.10 is selected over {3.8.1, 3.7}[0m
[0m[[0m[0minfo[0m] [0m[0m	    +- org.apache.spark:spark-network-common_2.12:3.1.1   (depends on 3.10)[0m
[0m[[0m[0minfo[0m] [0m[0m	    +- org.apache.spark:spark-core_2.12:3.1.1             (depends on 3.10)[0m
[0m[[0m[0minfo[0m] [0m[0m	    +- org.apache.hadoop:hadoop-common:3.2.0              (depends on 3.7)[0m
[0m[[0m[0minfo[0m] [0m[0m	    +- org.apache.commons:commons-text:1.6                (depends on 3.8.1)[0m
[0m[[0m[0minfo[0m] [0m[0m	* commons-codec:commons-codec:1.11 is selected over {1.10, 1.9, 1.9, 1.4, 1.10, 1.10, 1.10, 1.10, 1.9, 1.9, 1.4, 1.10, 1.10, 1.10, 1.10, 1.9, 1.9, 1.4, 1.10, 1.10, 1.10, 1.10, 1.9, 1.9, 1.4, 1.10, 1.10, 1.10, 1.10, 1.9, 1.9, 1.4, 1.10, 1.10, 1.10}[0m
[0m[[0m[0minfo[0m] [0m[0m	    +- org.apache.hadoop:hadoop-common:3.2.0              (depends on 1.11)[0m
[0m[[0m[0minfo[0m] [0m[0m	    +- org.apache.hadoop:hadoop-yarn-common:3.2.0         (depends on 1.11)[0m
[0m[[0m[0minfo[0m] [0m[0m	    +- org.apache.hadoop:hadoop-auth:3.2.0                (depends on 1.11)[0m
[0m[[0m[0minfo[0m] [0m[0m	    +- org.apache.spark:spark-catalyst_2.12:3.1.1         (depends on 1.10)[0m
[0m[[0m[0minfo[0m] [0m[0m	    +- org.apache.parquet:parquet-encoding:1.10.1         (depends on 1.10)[0m
[0m[[0m[0minfo[0m] [0m[0m	    +- org.apache.parquet:parquet-column:1.10.1           (depends on 1.10)[0m
[0m[[0m[0minfo[0m] [0m[0m	    +- org.apache.orc:orc-mapreduce:1.5.12                (depends on 1.4)[0m
[0m[[0m[0minfo[0m] [0m[0m	    +- org.apache.httpcomponents:httpclient:4.5.2         (depends on 1.9)[0m
[0m[[0m[0minfo[0m] [0m[0m	    +- org.apache.avro:avro-mapred:1.8.2                  (depends on 1.9)[0m
[0m[[0m[0minfo[0m] [0m[0m	    +- org.apache.arrow:arrow-vector:2.0.0                (depends on 1.10)[0m
[0m[[0m[0minfo[0m] [0m[0m	* org.xerial.snappy:snappy-java:1.1.8.2 is selected over {1.1.1.3, 1.1.2.6, 1.1.1.3, 1.1.2.6}[0m
[0m[[0m[0minfo[0m] [0m[0m	    +- org.apache.spark:spark-core_2.12:3.1.1             (depends on 1.1.8.2)[0m
[0m[[0m[0minfo[0m] [0m[0m	    +- org.apache.parquet:parquet-hadoop:1.10.1           (depends on 1.1.2.6)[0m
[0m[[0m[0minfo[0m] [0m[0m	    +- org.apache.avro:avro:1.8.2                         (depends on 1.1.1.3)[0m
[0m[[0m[0minfo[0m] [0m[0m	* org.apache.commons:commons-text:1.6 is selected over 1.4[0m
[0m[[0m[0minfo[0m] [0m[0m	    +- org.apache.spark:spark-core_2.12:3.1.1             (depends on 1.6)[0m
[0m[[0m[0minfo[0m] [0m[0m	    +- org.apache.hadoop:hadoop-common:3.2.0              (depends on 1.4)[0m
[0m[[0m[0minfo[0m] [0m[0m	* org.apache.avro:avro:1.8.2 is selected over 1.7.7[0m
[0m[[0m[0minfo[0m] [0m[0m	    +- org.apache.avro:avro-ipc:1.8.2                     (depends on 1.8.2)[0m
[0m[[0m[0minfo[0m] [0m[0m	    +- org.apache.spark:spark-core_2.12:3.1.1             (depends on 1.8.2)[0m
[0m[[0m[0minfo[0m] [0m[0m	    +- org.apache.hadoop:hadoop-common:3.2.0              (depends on 1.7.7)[0m
[0m[[0m[0minfo[0m] [0m[0m	* com.fasterxml.jackson.core:jackson-databind:2.10.0 is selected over {2.9.5, 2.9.5, 2.9.9.3, 2.9.8, 2.9.5, 2.9.5, 2.9.5, 2.9.5}[0m
[0m[[0m[0minfo[0m] [0m[0m	    +- com.fasterxml.jackson.module:jackson-module-paranamer:2.10.0 (depends on 2.10.0)[0m
[0m[[0m[0minfo[0m] [0m[0m	    +- com.fasterxml.jackson.module:jackson-module-scala_2.12:2.10.0 (depends on 2.10.0)[0m
[0m[[0m[0minfo[0m] [0m[0m	    +- org.apache.spark:spark-sql_2.12:3.1.1              (depends on 2.10.0)[0m
[0m[[0m[0minfo[0m] [0m[0m	    +- org.apache.spark:spark-network-common_2.12:3.1.1   (depends on 2.10.0)[0m
[0m[[0m[0minfo[0m] [0m[0m	    +- org.apache.spark:spark-core_2.12:3.1.1             (depends on 2.10.0)[0m
[0m[[0m[0minfo[0m] [0m[0m	    +- org.apache.spark:spark-kvstore_2.12:3.1.1          (depends on 2.10.0)[0m
[0m[[0m[0minfo[0m] [0m[0m	    +- org.apache.hadoop:hadoop-yarn-common:3.2.0         (depends on 2.9.5)[0m
[0m[[0m[0minfo[0m] [0m[0m	    +- org.apache.hadoop:hadoop-mapreduce-client-core:3.2.0 (depends on 2.9.5)[0m
[0m[[0m[0minfo[0m] [0m[0m	    +- org.apache.hadoop:hadoop-hdfs-client:3.2.0         (depends on 2.9.5)[0m
[0m[[0m[0minfo[0m] [0m[0m	    +- org.apache.hadoop:hadoop-common:3.2.0              (depends on 2.9.5)[0m
[0m[[0m[0minfo[0m] [0m[0m	    +- org.apache.arrow:arrow-vector:2.0.0                (depends on 2.9.8)[0m
[0m[[0m[0minfo[0m] [0m[0m	    +- io.dropwizard.metrics:metrics-json:4.1.1           (depends on 2.9.9.3)[0m
[0m[[0m[0minfo[0m] [0m[0m	    +- com.fasterxml.jackson.module:jackson-module-jaxb-annotations:2.9.5 (depends on 2.9.5)[0m
[0m[[0m[0minfo[0m] [0m[0m	    +- com.fasterxml.jackson.jaxrs:jackson-jaxrs-base:2.9.5 (depends on 2.9.5)[0m
[0m[[0m[0minfo[0m] [0m[0m	* org.apache.curator:curator-client:2.13.0 is selected over {2.12.0, 2.12.0, 2.12.0, 2.12.0}[0m
[0m[[0m[0minfo[0m] [0m[0m	    +- org.apache.curator:curator-framework:2.13.0        (depends on 2.13.0)[0m
[0m[[0m[0minfo[0m] [0m[0m	    +- org.apache.hadoop:hadoop-common:3.2.0              (depends on 2.12.0)[0m
[0m[[0m[0minfo[0m] [0m[0m	* com.thoughtworks.paranamer:paranamer:2.8 is selected over 2.7[0m
[0m[[0m[0minfo[0m] [0m[0m	    +- org.apache.spark:spark-core_2.12:3.1.1             (depends on 2.8)[0m
[0m[[0m[0minfo[0m] [0m[0m	    +- com.fasterxml.jackson.module:jackson-module-paranamer:2.10.0 (depends on 2.8)[0m
[0m[[0m[0minfo[0m] [0m[0m	    +- org.json4s:json4s-core_2.12:3.7.0-M5               (depends on 2.8)[0m
[0m[[0m[0minfo[0m] [0m[0m	    +- org.apache.avro:avro:1.8.2                         (depends on 2.7)[0m
[0m[[0m[0minfo[0m] [0m[0m	* org.apache.zookeeper:zookeeper:3.4.14 is selected over {3.4.8, 3.4.13, 3.4.8, 3.4.13, 3.4.8, 3.4.13, 3.4.8, 3.4.13, 3.4.8, 3.4.13, 3.4.8, 3.4.13}[0m
[0m[[0m[0minfo[0m] [0m[0m	    +- org.apache.spark:spark-core_2.12:3.1.1             (depends on 3.4.14)[0m
[0m[[0m[0minfo[0m] [0m[0m	    +- org.apache.hadoop:hadoop-auth:3.2.0                (depends on 3.4.13)[0m
[0m[[0m[0minfo[0m] [0m[0m	    +- org.apache.curator:curator-client:2.13.0           (depends on 3.4.8)[0m
[0m[[0m[0minfo[0m] [0m[0m	* org.apache.curator:curator-framework:2.13.0 is selected over {2.12.0, 2.12.0, 2.12.0, 2.12.0}[0m
[0m[[0m[0minfo[0m] [0m[0m	    +- org.apache.curator:curator-recipes:2.13.0          (depends on 2.13.0)[0m
[0m[[0m[0minfo[0m] [0m[0m	    +- org.apache.hadoop:hadoop-auth:3.2.0                (depends on 2.12.0)[0m
[0m[[0m[0minfo[0m] [0m[0m	* org.slf4j:slf4j-api:1.7.30 is selected over {1.7.10, 1.7.28, 1.7.28, 1.7.28, 1.7.28, 1.7.28, 1.7.25, 1.7.25, 1.7.25, 1.7.7, 1.7.7, 1.7.7, 1.7.6, 1.7.25, 1.7.25, 1.7.25, 1.7.25, 1.7.25, 1.7.25, 1.7.10, 1.7.25, 1.7.25, 1.7.5, 1.7.5, 1.7.22, 1.7.2, 1.7.25, 1.7.10, 1.7.28, 1.7.28, 1.7.28, 1.7.28, 1.7.28, 1.7.25, 1.7.25, 1.7.25, 1.7.7, 1.7.7, 1.7.7, 1.7.6, 1.7.25, 1.7.25, 1.7.25, 1.7.25, 1.7.25, 1.7.25, 1.7.10, 1.7.25, 1.7.25, 1.7.5, 1.7.5, 1.7.22, 1.7.2, 1.7.25, 1.7.10, 1.7.28, 1.7.28, 1.7.28, 1.7.28, 1.7.28, 1.7.25, 1.7.25, 1.7.25, 1.7.7, 1.7.7, 1.7.7, 1.7.6, 1.7.25, 1.7.25, 1.7.25, 1.7.25, 1.7.25, 1.7.25, 1.7.10, 1.7.25, 1.7.25, 1.7.5, 1.7.5, 1.7.22, 1.7.2, 1.7.25, 1.7.10, 1.7.28, 1.7.28, 1.7.28, 1.7.28, 1.7.28, 1.7.25, 1.7.25, 1.7.25, 1.7.7, 1.7.7, 1.7.7, 1.7.6, 1.7.25, 1.7.25, 1.7.25, 1.7.25, 1.7.25, 1.7.25, 1.7.10, 1.7.25, 1.7.25, 1.7.5, 1.7.5, 1.7.22, 1.7.2, 1.7.25}[0m
[0m[[0m[0minfo[0m] [0m[0m	    +- org.slf4j:jcl-over-slf4j:1.7.30                    (depends on 1.7.30)[0m
[0m[[0m[0minfo[0m] [0m[0m	    +- org.apache.spark:spark-core_2.12:3.1.1             (depends on 1.7.30)[0m
[0m[[0m[0minfo[0m] [0m[0m	    +- org.slf4j:slf4j-log4j12:1.7.30                     (depends on 1.7.30)[0m
[0m[[0m[0minfo[0m] [0m[0m	    +- org.slf4j:jul-to-slf4j:1.7.30                      (depends on 1.7.30)[0m
[0m[[0m[0minfo[0m] [0m[0m	    +- org.apache.zookeeper:zookeeper:3.4.14              (depends on 1.7.25)[0m
[0m[[0m[0minfo[0m] [0m[0m	    +- org.apache.parquet:parquet-format:2.4.0            (depends on 1.7.2)[0m
[0m[[0m[0minfo[0m] [0m[0m	    +- org.apache.parquet:parquet-common:1.10.1           (depends on 1.7.22)[0m
[0m[[0m[0minfo[0m] [0m[0m	    +- org.apache.orc:orc-shims:1.5.12                    (depends on 1.7.5)[0m
[0m[[0m[0minfo[0m] [0m[0m	    +- org.apache.orc:orc-core:1.5.12                     (depends on 1.7.5)[0m
[0m[[0m[0minfo[0m] [0m[0m	    +- org.apache.kerby:kerby-pkix:1.0.1                  (depends on 1.7.25)[0m
[0m[[0m[0minfo[0m] [0m[0m	    +- org.apache.kerby:kerby-config:1.0.1                (depends on 1.7.25)[0m
[0m[[0m[0minfo[0m] [0m[0m	    +- org.apache.hive:hive-storage-api:2.7.2             (depends on 1.7.10)[0m
[0m[[0m[0minfo[0m] [0m[0m	    +- org.apache.hadoop:hadoop-yarn-common:3.2.0         (depends on 1.7.25)[0m
[0m[[0m[0minfo[0m] [0m[0m	    +- org.apache.hadoop:hadoop-mapreduce-client-jobclient:3.2.0 (depends on 1.7.25)[0m
[0m[[0m[0minfo[0m] [0m[0m	    +- org.apache.hadoop:hadoop-mapreduce-client-core:3.2.0 (depends on 1.7.25)[0m
[0m[[0m[0minfo[0m] [0m[0m	    +- org.apache.hadoop:hadoop-mapreduce-client-common:3.2.0 (depends on 1.7.25)[0m
[0m[[0m[0minfo[0m] [0m[0m	    +- org.apache.hadoop:hadoop-common:3.2.0              (depends on 1.7.25)[0m
[0m[[0m[0minfo[0m] [0m[0m	    +- org.apache.hadoop:hadoop-auth:3.2.0                (depends on 1.7.25)[0m
[0m[[0m[0minfo[0m] [0m[0m	    +- org.apache.curator:curator-client:2.13.0           (depends on 1.7.6)[0m
[0m[[0m[0minfo[0m] [0m[0m	    +- org.apache.avro:avro-mapred:1.8.2                  (depends on 1.7.7)[0m
[0m[[0m[0minfo[0m] [0m[0m	    +- org.apache.avro:avro-ipc:1.8.2                     (depends on 1.7.7)[0m
[0m[[0m[0minfo[0m] [0m[0m	    +- org.apache.avro:avro:1.8.2                         (depends on 1.7.7)[0m
[0m[[0m[0minfo[0m] [0m[0m	    +- org.apache.arrow:arrow-vector:2.0.0                (depends on 1.7.25)[0m
[0m[[0m[0minfo[0m] [0m[0m	    +- org.apache.arrow:arrow-memory-netty:2.0.0          (depends on 1.7.25)[0m
[0m[[0m[0minfo[0m] [0m[0m	    +- org.apache.arrow:arrow-memory-core:2.0.0           (depends on 1.7.25)[0m
[0m[[0m[0minfo[0m] [0m[0m	    +- io.dropwizard.metrics:metrics-jvm:4.1.1            (depends on 1.7.28)[0m
[0m[[0m[0minfo[0m] [0m[0m	    +- io.dropwizard.metrics:metrics-json:4.1.1           (depends on 1.7.28)[0m
[0m[[0m[0minfo[0m] [0m[0m	    +- io.dropwizard.metrics:metrics-jmx:4.1.1            (depends on 1.7.28)[0m
[0m[[0m[0minfo[0m] [0m[0m	    +- io.dropwizard.metrics:metrics-graphite:4.1.1       (depends on 1.7.28)[0m
[0m[[0m[0minfo[0m] [0m[0m	    +- io.dropwizard.metrics:metrics-core:4.1.1           (depends on 1.7.28)[0m
[0m[[0m[0minfo[0m] [0m[0m	    +- com.clearspring.analytics:stream:2.9.6             (depends on 1.7.10)[0m
[0m[[0m[0minfo[0m] [0m[0m	* org.apache.commons:commons-math3:3.4.1 is selected over 3.1.1[0m
[0m[[0m[0minfo[0m] [0m[0m	    +- org.apache.spark:spark-core_2.12:3.1.1             (depends on 3.4.1)[0m
[0m[[0m[0minfo[0m] [0m[0m	    +- org.apache.hadoop:hadoop-common:3.2.0              (depends on 3.1.1)[0m
[0m[[0m[32msuccess[0m] [0m[0mTotal time: 7 s, completed Jun 3, 2021, 2:42:46 PM[0m
[0m[[0m[0mdebug[0m] [0m[0m> Exec(idea-shell, None, None)[0m
[0m[[0m[0mdebug[0m] [0m[0m> Exec(, None, None)[0m
[0m[[0m[33mwarn[0m] [0m[0mbuild source files have changed[0m
[0m[[0m[33mwarn[0m] [0m[0mmodified files: [0m
[0m[[0m[33mwarn[0m] [0m[0m  C:\git\iii\spark-hw-batch\build.sbt[0m
[0m[[0m[33mwarn[0m] [0m[0mApply these changes by running `reload`.[0m
[0m[[0m[33mwarn[0m] [0m[0mAutomatically reload the build when source changes are detected by setting `Global / onChangedBuildSource := ReloadOnSourceChanges`.[0m
[0m[[0m[33mwarn[0m] [0m[0mDisable this warning by setting `Global / onChangedBuildSource := IgnoreSourceChanges`.[0m
[0m[[0m[0mdebug[0m] [0m[0m> Exec(idea-shell, None, None)[0m
